Copyright 1986-2022 Xilinx, Inc. All Rights Reserved.
-----------------------------------------------------------------------------------------------------------------------------
| Tool Version : Vivado v.2022.1 (win64) Build 3526262 Mon Apr 18 15:48:16 MDT 2022
| Date         : Mon Oct  3 09:37:02 2022
| Host         : DESKTOP-6CAVDAS running 64-bit major release  (build 9200)
| Command      : report_utilization -file design_1_wrapper_utilization_placed.rpt -pb design_1_wrapper_utilization_placed.pb
| Design       : design_1_wrapper
| Device       : xck26-sfvc784-2LV-c
| Speed File   : -2LV
| Design State : Fully Placed
-----------------------------------------------------------------------------------------------------------------------------

Utilization Design Information

Table of Contents
-----------------
1. CLB Logic
1.1 Summary of Registers by Type
2. CLB Logic Distribution
3. BLOCKRAM
4. ARITHMETIC
5. I/O
6. CLOCK
7. ADVANCED
8. CONFIGURATION
9. Primitives
10. Black Boxes
11. Instantiated Netlists

1. CLB Logic
------------

+----------------------------+------+-------+------------+-----------+-------+
|          Site Type         | Used | Fixed | Prohibited | Available | Util% |
+----------------------------+------+-------+------------+-----------+-------+
| CLB LUTs                   | 7267 |     0 |          0 |    117120 |  6.20 |
|   LUT as Logic             | 4305 |     0 |          0 |    117120 |  3.68 |
|   LUT as Memory            | 2962 |     0 |          0 |     57600 |  5.14 |
|     LUT as Distributed RAM | 2800 |     0 |            |           |       |
|     LUT as Shift Register  |  162 |     0 |            |           |       |
| CLB Registers              | 5104 |     0 |          0 |    234240 |  2.18 |
|   Register as Flip Flop    | 5104 |     0 |          0 |    234240 |  2.18 |
|   Register as Latch        |    0 |     0 |          0 |    234240 |  0.00 |
| CARRY8                     |   44 |     0 |          0 |     14640 |  0.30 |
| F7 Muxes                   |  260 |     0 |          0 |     58560 |  0.44 |
| F8 Muxes                   |  128 |     0 |          0 |     29280 |  0.44 |
| F9 Muxes                   |    0 |     0 |          0 |     14640 |  0.00 |
+----------------------------+------+-------+------------+-----------+-------+


1.1 Summary of Registers by Type
--------------------------------

+-------+--------------+-------------+--------------+
| Total | Clock Enable | Synchronous | Asynchronous |
+-------+--------------+-------------+--------------+
| 0     |            _ |           - |            - |
| 0     |            _ |           - |          Set |
| 0     |            _ |           - |        Reset |
| 0     |            _ |         Set |            - |
| 0     |            _ |       Reset |            - |
| 0     |          Yes |           - |            - |
| 66    |          Yes |           - |          Set |
| 191   |          Yes |           - |        Reset |
| 132   |          Yes |         Set |            - |
| 4715  |          Yes |       Reset |            - |
+-------+--------------+-------------+--------------+


2. CLB Logic Distribution
-------------------------

+--------------------------------------------+------+-------+------------+-----------+-------+
|                  Site Type                 | Used | Fixed | Prohibited | Available | Util% |
+--------------------------------------------+------+-------+------------+-----------+-------+
| CLB                                        | 1342 |     0 |          0 |     14640 |  9.17 |
|   CLBL                                     |  466 |     0 |            |           |       |
|   CLBM                                     |  876 |     0 |            |           |       |
| LUT as Logic                               | 4305 |     0 |          0 |    117120 |  3.68 |
|   using O5 output only                     |  173 |       |            |           |       |
|   using O6 output only                     | 3230 |       |            |           |       |
|   using O5 and O6                          |  902 |       |            |           |       |
| LUT as Memory                              | 2962 |     0 |          0 |     57600 |  5.14 |
|   LUT as Distributed RAM                   | 2800 |     0 |            |           |       |
|     using O5 output only                   |    0 |       |            |           |       |
|     using O6 output only                   | 2568 |       |            |           |       |
|     using O5 and O6                        |  232 |       |            |           |       |
|   LUT as Shift Register                    |  162 |     0 |            |           |       |
|     using O5 output only                   |    0 |       |            |           |       |
|     using O6 output only                   |  130 |       |            |           |       |
|     using O5 and O6                        |   32 |       |            |           |       |
| CLB Registers                              | 5104 |     0 |          0 |    234240 |  2.18 |
|   Register driven from within the CLB      | 2613 |       |            |           |       |
|   Register driven from outside the CLB     | 2491 |       |            |           |       |
|     LUT in front of the register is unused | 1542 |       |            |           |       |
|     LUT in front of the register is used   |  949 |       |            |           |       |
| Unique Control Sets                        |  361 |       |          0 |     29280 |  1.23 |
+--------------------------------------------+------+-------+------------+-----------+-------+
* * Note: Available Control Sets calculated as Slices * 2, Review the Control Sets Report for more information regarding control sets.


3. BLOCKRAM
-----------

+-------------------+------+-------+------------+-----------+-------+
|     Site Type     | Used | Fixed | Prohibited | Available | Util% |
+-------------------+------+-------+------------+-----------+-------+
| Block RAM Tile    |    1 |     0 |          0 |       144 |  0.69 |
|   RAMB36/FIFO*    |    1 |     0 |          0 |       144 |  0.69 |
|     RAMB36E2 only |    1 |       |            |           |       |
|   RAMB18          |    0 |     0 |          0 |       288 |  0.00 |
| URAM              |    0 |     0 |          0 |        64 |  0.00 |
+-------------------+------+-------+------------+-----------+-------+
* Note: Each Block RAM Tile only has one FIFO logic available and therefore can accommodate only one FIFO36E2 or one FIFO18E2. However, if a FIFO18E2 occupies a Block RAM Tile, that tile can still accommodate a RAMB18E2


4. ARITHMETIC
-------------

+-----------+------+-------+------------+-----------+-------+
| Site Type | Used | Fixed | Prohibited | Available | Util% |
+-----------+------+-------+------------+-----------+-------+
| DSPs      |    0 |     0 |          0 |      1248 |  0.00 |
+-----------+------+-------+------------+-----------+-------+


5. I/O
------

+------------------+------+-------+------------+-----------+-------+
|     Site Type    | Used | Fixed | Prohibited | Available | Util% |
+------------------+------+-------+------------+-----------+-------+
| Bonded IOB       |    3 |     3 |          0 |       189 |  1.59 |
| HPIOB_M          |    0 |     0 |          0 |        58 |  0.00 |
| HPIOB_S          |    0 |     0 |          0 |        58 |  0.00 |
| HDIOB_M          |    2 |     2 |          0 |        35 |  5.71 |
|   INPUT          |    0 |       |            |           |       |
|   OUTPUT         |    2 |       |            |           |       |
|   BIDIR          |    0 |       |            |           |       |
| HDIOB_S          |    1 |     1 |          0 |        35 |  2.86 |
|   INPUT          |    1 |       |            |           |       |
|   OUTPUT         |    0 |       |            |           |       |
|   BIDIR          |    0 |       |            |           |       |
| HPIOB_SNGL       |    0 |     0 |          0 |         3 |  0.00 |
| HPIOBDIFFINBUF   |    0 |     0 |          0 |        82 |  0.00 |
| HPIOBDIFFOUTBUF  |    0 |     0 |          0 |        82 |  0.00 |
| HDIOBDIFFINBUF   |    0 |     0 |          0 |        35 |  0.00 |
| BITSLICE_CONTROL |    0 |     0 |          0 |        32 |  0.00 |
| BITSLICE_RX_TX   |    0 |     0 |          0 |      1248 |  0.00 |
| BITSLICE_TX      |    0 |     0 |          0 |        32 |  0.00 |
| RIU_OR           |    0 |     0 |          0 |        16 |  0.00 |
+------------------+------+-------+------------+-----------+-------+


6. CLOCK
--------

+----------------------+------+-------+------------+-----------+-------+
|       Site Type      | Used | Fixed | Prohibited | Available | Util% |
+----------------------+------+-------+------------+-----------+-------+
| GLOBAL CLOCK BUFFERs |    3 |     0 |          0 |       352 |  0.85 |
|   BUFGCE             |    2 |     0 |          0 |       112 |  1.79 |
|   BUFGCE_DIV         |    0 |     0 |          0 |        16 |  0.00 |
|   BUFG_GT            |    0 |     0 |          0 |        96 |  0.00 |
|   BUFG_PS            |    1 |     0 |          0 |        96 |  1.04 |
|   BUFGCTRL*          |    0 |     0 |          0 |        32 |  0.00 |
| PLL                  |    0 |     0 |          0 |         8 |  0.00 |
| MMCM                 |    1 |     0 |          0 |         4 | 25.00 |
+----------------------+------+-------+------------+-----------+-------+
* Note: Each used BUFGCTRL counts as two GLOBAL CLOCK BUFFERs. This table does not include global clocking resources, only buffer cell usage. See the Clock Utilization Report (report_clock_utilization) for detailed accounting of global clocking resource availability.


7. ADVANCED
-----------

+-----------------+------+-------+------------+-----------+--------+
|    Site Type    | Used | Fixed | Prohibited | Available |  Util% |
+-----------------+------+-------+------------+-----------+--------+
| GTHE4_CHANNEL   |    0 |     0 |          0 |         4 |   0.00 |
| GTHE4_COMMON    |    0 |     0 |          0 |         1 |   0.00 |
| OBUFDS_GTE4     |    0 |     0 |          0 |         2 |   0.00 |
| OBUFDS_GTE4_ADV |    0 |     0 |          0 |         2 |   0.00 |
| PCIE40E4        |    0 |     0 |          0 |         2 |   0.00 |
| PS8             |    1 |     0 |          0 |         1 | 100.00 |
| SYSMONE4        |    0 |     0 |          0 |         1 |   0.00 |
| VCU             |    0 |     0 |          0 |         1 |   0.00 |
+-----------------+------+-------+------------+-----------+--------+


8. CONFIGURATION
----------------

+-------------+------+-------+------------+-----------+-------+
|  Site Type  | Used | Fixed | Prohibited | Available | Util% |
+-------------+------+-------+------------+-----------+-------+
| BSCANE2     |    0 |     0 |          0 |         4 |  0.00 |
| DNA_PORTE2  |    0 |     0 |          0 |         1 |  0.00 |
| EFUSE_USR   |    0 |     0 |          0 |         1 |  0.00 |
| FRAME_ECCE4 |    0 |     0 |          0 |         1 |  0.00 |
| ICAPE3      |    0 |     0 |          0 |         2 |  0.00 |
| MASTER_JTAG |    0 |     0 |          0 |         1 |  0.00 |
| STARTUPE3   |    0 |     0 |          0 |         1 |  0.00 |
+-------------+------+-------+------------+-----------+-------+


9. Primitives
-------------

+------------+------+---------------------+
|  Ref Name  | Used | Functional Category |
+------------+------+---------------------+
| FDRE       | 4715 |            Register |
| RAMD64E    | 2560 |                 CLB |
| LUT6       | 2132 |                 CLB |
| LUT3       |  927 |                 CLB |
| LUT5       |  904 |                 CLB |
| LUT4       |  594 |                 CLB |
| LUT2       |  485 |                 CLB |
| RAMD32     |  414 |                 CLB |
| MUXF7      |  260 |                 CLB |
| FDCE       |  191 |            Register |
| LUT1       |  165 |                 CLB |
| FDSE       |  132 |            Register |
| MUXF8      |  128 |                 CLB |
| SRL16E     |  124 |                 CLB |
| SRLC32E    |   70 |                 CLB |
| FDPE       |   66 |            Register |
| RAMS32     |   58 |                 CLB |
| CARRY8     |   44 |                 CLB |
| OBUF       |    2 |                 I/O |
| BUFGCE     |    2 |               Clock |
| RAMB36E2   |    1 |            BLOCKRAM |
| PS8        |    1 |            Advanced |
| MMCME4_ADV |    1 |               Clock |
| INBUF      |    1 |                 I/O |
| IBUFCTRL   |    1 |              Others |
| BUFG_PS    |    1 |               Clock |
+------------+------+---------------------+


10. Black Boxes
---------------

+----------+------+
| Ref Name | Used |
+----------+------+


11. Instantiated Netlists
-------------------------

+------------------------------+------+
|           Ref Name           | Used |
+------------------------------+------+
| design_1_zynq_ultra_ps_e_0_0 |    1 |
| design_1_xbar_0              |    1 |
| design_1_rst_ps8_0_99M_0     |    1 |
| design_1_clk_wiz_0_0         |    1 |
| design_1_axi_smc_0           |    1 |
| design_1_axi_dma_0_0         |    1 |
| design_1_auto_pc_1           |    1 |
| design_1_auto_pc_0           |    1 |
| design_1_auto_ds_1           |    1 |
| design_1_auto_ds_0           |    1 |
| design_1_audio_pipeline_0_0  |    1 |
+------------------------------+------+


